2025-07-21 15:43:58,784 - WARNING - Performance monitoring or caching not available
2025-07-21 15:43:58,786 - WARNING - Performance monitoring or caching not available
2025-07-21 15:43:58,802 - WARNING - Performance monitoring or caching not available
2025-07-21 15:43:58,802 - INFO - MPS environment configured for compatibility
2025-07-21 15:43:58,803 - INFO - Application started with enhanced MPS support.
2025-07-21 15:43:58,803 - INFO - MPS (Apple Silicon GPU) detected and enabled
2025-07-21 15:43:58,803 - INFO - Loading Model tiiuae/falcon-rw-1b with MPS compatibility...
2025-07-21 15:43:58,803 - INFO - MPS (Apple Silicon GPU) detected and enabled
2025-07-21 15:43:59,322 - INFO - Added padding token to tokenizer.
2025-07-21 15:43:59,322 - INFO - Tokenizer loaded successfully.
2025-07-21 15:43:59,322 - INFO - Loading model with MPS-specific optimizations...
2025-07-21 15:44:05,540 - INFO - Model successfully loaded and converted for MPS
2025-07-21 15:44:05,542 - INFO - Model loading completed successfully
2025-07-21 15:44:05,543 - INFO - Performance complete_model_loading: 6.74s, Memory: -459.1MB, GPU: +0.0MB
2025-07-21 15:44:13,287 - INFO - User selected configuration: method=simple, source=wikipedia:20220301.en, distance=None
2025-07-21 15:44:13,288 - INFO - Loading Vector DB with method: simple, source: wikipedia:20220301.en, distance: cosine
2025-07-21 15:44:13,288 - INFO - Loading vector database for source_path: 'wikipedia:20220301.en', storing_method: 'simple'
2025-07-21 15:44:13,288 - INFO - Loading HuggingFaceEmbedding with model_name: sentence-transformers/all-mpnet-base-v2
2025-07-21 15:44:13,288 - INFO - MPS (Apple Silicon GPU) detected and enabled
2025-07-21 15:44:16,101 - INFO - ✅ Embedding model loaded and cached successfully
2025-07-21 15:44:16,102 - INFO - Initializing Simple vector database for source: wikipedia:20220301.en
2025-07-21 15:44:16,102 - INFO - Parsing source path: wikipedia:20220301.en
2025-07-21 15:44:16,102 - INFO - Source type identified as HF with config: wikipedia_20220301.en
2025-07-21 15:46:24,592 - INFO - Application interrupted by user
