2025-07-12 12:41:57,076 - WARNING - Failed to create cache directory cache/embeddings: 'str' object has no attribute 'mkdir'
2025-07-12 12:41:57,077 - WARNING - Failed to create cache directory cache/queries: 'str' object has no attribute 'mkdir'
2025-07-12 12:41:57,077 - WARNING - Failed to create cache directory cache: 'str' object has no attribute 'mkdir'
2025-07-12 12:41:57,590 - INFO - Loading Model tiiuae/falcon-rw-1b with MPS compatibility...
2025-07-12 12:41:57,590 - INFO - MPS (Apple Silicon GPU) detected and enabled
2025-07-12 12:41:58,429 - INFO - Added padding token to tokenizer.
2025-07-12 12:41:58,429 - INFO - Tokenizer loaded successfully.
2025-07-12 12:41:58,429 - INFO - Loading model with MPS-specific optimizations...
2025-07-12 12:42:05,403 - INFO - Model successfully loaded and converted for MPS
2025-07-12 12:42:05,406 - INFO - Model loading completed successfully
2025-07-12 12:42:05,407 - INFO - Performance complete_model_loading: 7.82s, Memory: -375.2MB, GPU: +0.0MB
2025-07-12 12:42:05,407 - INFO - Performance startup_model_loading: 7.82s, Memory: -374.7MB, GPU: +0.0MB
2025-07-12 12:42:05,407 - INFO - MPS environment configured for compatibility
2025-07-12 12:42:05,407 - INFO - Application started with enhanced MPS support.
2025-07-12 12:42:05,407 - INFO - Starting query evaluation...
2025-07-12 12:42:05,407 - INFO - MPS (Apple Silicon GPU) detected and enabled
2025-07-12 12:42:05,410 - INFO - Performance gpu_profiling: 0.00s, Memory: +0.1MB, GPU: +0.0MB
2025-07-12 12:42:05,410 - INFO - Loading external Vector DB...
2025-07-12 12:42:05,410 - ERROR - Failed to load vector DB: load_vector_db() got an unexpected keyword argument 'logger'
2025-07-12 12:42:05,410 - INFO - Continuing without vector DB...
2025-07-12 12:42:05,410 - INFO - Performance vector_db_loading: 0.00s, Memory: +0.1MB, GPU: +0.0MB
2025-07-12 12:42:08,283 - INFO - Entering interactive query mode...
2025-07-12 12:42:08,283 - INFO - MPS (Apple Silicon GPU) detected and enabled
2025-07-12 12:42:15,501 - INFO - Processing query with SimilarityMethod.COSINE similarity
2025-07-12 12:42:15,501 - INFO - Moving model from mps:0 to mps
2025-07-12 12:42:15,509 - INFO - Performance preparing_query_context: 0.00s, Memory: +0.0MB, GPU: +0.0MB
2025-07-12 12:42:20,361 - INFO - Evaluating answer quality
2025-07-12 12:42:20,361 - INFO - Quality score: 1.0
2025-07-12 12:42:20,362 - INFO - Performance answer_quality_evaluation: 0.00s, Memory: +0.0MB, GPU: +0.0MB
2025-07-12 12:42:20,362 - INFO - Performance answer_processing: 0.00s, Memory: +1.1MB, GPU: +0.0MB
2025-07-12 12:42:20,362 - INFO - Performance single_answer_generating: 4.85s, Memory: +490.3MB, GPU: +0.0MB
2025-07-12 12:43:54,200 - INFO - Query processing completed successfully
2025-07-12 12:43:54,203 - INFO - Performance complete_query_processing: 98.70s, Memory: -116.6MB, GPU: +0.0MB
2025-07-12 12:43:54,207 - INFO - Question: "what is the capital of france? ", Answer: The Capital city in France, Paris. It's a very beautiful and historic place to visit! I love it there...I've been many times..and will go again soon :)
2025-07-12 12:43:54,207 - INFO - Performance interactive_query: 98.71s, Memory: -111.1MB, GPU: +0.0MB
2025-07-12 12:44:03,156 - INFO - Processing query with SimilarityMethod.COSINE similarity
2025-07-12 12:44:03,157 - INFO - Moving model from mps:0 to mps
2025-07-12 12:44:03,163 - INFO - Performance preparing_query_context: 0.00s, Memory: +0.0MB, GPU: +0.0MB
2025-07-12 12:44:08,926 - INFO - Evaluating answer quality
2025-07-12 12:44:08,926 - INFO - Quality score: 1.0
2025-07-12 12:44:08,926 - INFO - Performance answer_quality_evaluation: 0.00s, Memory: +0.0MB, GPU: +0.0MB
2025-07-12 12:44:08,927 - INFO - Performance answer_processing: 0.00s, Memory: +1.2MB, GPU: +0.0MB
2025-07-12 12:44:08,927 - INFO - Performance single_answer_generating: 5.76s, Memory: +439.5MB, GPU: +0.0MB
2025-07-12 12:44:08,927 - INFO - Query processing completed successfully
2025-07-12 12:44:08,927 - INFO - Performance complete_query_processing: 5.77s, Memory: +443.3MB, GPU: +0.0MB
2025-07-12 12:44:08,928 - INFO - Question: "what is the capital of israel?", Answer: The Capital city and largest town in Israel, Jerusalem. It's also called Yerushalayim (Hebrew for 'the City') or simply Jersualem to its Jewish inhabitants..
2025-07-12 12:44:08,928 - INFO - Performance interactive_query: 5.78s, Memory: +447.8MB, GPU: +0.0MB
2025-07-12 12:52:36,561 - INFO - Performance complete_query_evaluation: 631.15s, Memory: -122.2MB, GPU: +0.0MB
2025-07-12 12:52:36,562 - INFO - Application interrupted by user
2025-07-12 12:52:36,567 - INFO - Performance metrics saved to results/performance_metrics.json
2025-07-12 12:52:36,567 - INFO - Performance metrics saved
2025-07-12 12:52:36,619 - INFO - MPS cache cleared
2025-07-12 12:53:10,571 - WARNING - Failed to create cache directory cache/embeddings: 'str' object has no attribute 'mkdir'
2025-07-12 12:53:10,571 - WARNING - Failed to create cache directory cache/queries: 'str' object has no attribute 'mkdir'
2025-07-12 12:53:10,571 - WARNING - Failed to create cache directory cache: 'str' object has no attribute 'mkdir'
2025-07-12 12:53:11,043 - INFO - Loading Model tiiuae/falcon-rw-1b with MPS compatibility...
2025-07-12 12:53:11,043 - INFO - MPS (Apple Silicon GPU) detected and enabled
2025-07-12 12:53:11,614 - INFO - Added padding token to tokenizer.
2025-07-12 12:53:11,614 - INFO - Tokenizer loaded successfully.
2025-07-12 12:53:11,614 - INFO - Loading model with MPS-specific optimizations...
2025-07-12 12:53:18,279 - INFO - Model successfully loaded and converted for MPS
2025-07-12 12:53:18,281 - INFO - Model loading completed successfully
2025-07-12 12:53:18,282 - INFO - Performance complete_model_loading: 7.24s, Memory: -305.0MB, GPU: +0.0MB
2025-07-12 12:53:18,282 - INFO - Performance startup_model_loading: 7.24s, Memory: -304.6MB, GPU: +0.0MB
2025-07-12 12:53:18,282 - INFO - MPS environment configured for compatibility
2025-07-12 12:53:18,282 - INFO - Application started with enhanced MPS support.
2025-07-12 12:53:18,282 - INFO - Starting query evaluation...
2025-07-12 12:53:18,282 - INFO - MPS (Apple Silicon GPU) detected and enabled
2025-07-12 12:53:18,285 - INFO - Performance gpu_profiling: 0.00s, Memory: +0.1MB, GPU: +0.0MB
2025-07-12 12:53:18,285 - INFO - Loading external Vector DB...
2025-07-12 12:53:18,285 - ERROR - Failed to load vector DB: load_vector_db() got an unexpected keyword argument 'logger'
2025-07-12 12:53:18,285 - INFO - Continuing without vector DB...
2025-07-12 12:53:18,285 - INFO - Performance vector_db_loading: 0.00s, Memory: +0.1MB, GPU: +0.0MB
2025-07-12 12:53:21,240 - INFO - Entering interactive query mode...
2025-07-12 12:53:21,240 - INFO - MPS (Apple Silicon GPU) detected and enabled
2025-07-12 12:53:27,881 - INFO - Question: "what is the capital of israel?", Answer: The Capital city and largest town in Israel, Jerusalem. It's also called Yerushalayim (Hebrew for 'the City') or simply Jersualem to its Jewish inhabitants..
2025-07-12 12:53:27,882 - INFO - Performance interactive_query: 0.01s, Memory: +2.6MB, GPU: +0.0MB
2025-07-12 12:53:40,160 - INFO - Performance complete_query_evaluation: 21.88s, Memory: +3.8MB, GPU: +0.0MB
2025-07-12 12:53:40,160 - INFO - Application interrupted by user
2025-07-12 12:53:40,162 - INFO - Performance metrics saved to results/performance_metrics.json
2025-07-12 12:53:40,162 - INFO - Performance metrics saved
2025-07-12 12:53:40,162 - INFO - MPS cache cleared
2025-07-12 12:53:51,437 - WARNING - Failed to create cache directory cache/embeddings: 'str' object has no attribute 'mkdir'
2025-07-12 12:53:51,438 - WARNING - Failed to create cache directory cache/queries: 'str' object has no attribute 'mkdir'
2025-07-12 12:53:51,438 - WARNING - Failed to create cache directory cache: 'str' object has no attribute 'mkdir'
2025-07-12 12:53:51,925 - INFO - Loading Model tiiuae/falcon-rw-1b with MPS compatibility...
2025-07-12 12:53:51,925 - INFO - MPS (Apple Silicon GPU) detected and enabled
2025-07-12 12:53:52,876 - INFO - Added padding token to tokenizer.
2025-07-12 12:53:52,876 - INFO - Tokenizer loaded successfully.
2025-07-12 12:53:52,876 - INFO - Loading model with MPS-specific optimizations...
2025-07-12 12:53:58,216 - INFO - Model successfully loaded and converted for MPS
2025-07-12 12:53:58,216 - INFO - Model loading completed successfully
2025-07-12 12:53:58,217 - INFO - Performance complete_model_loading: 6.29s, Memory: -210.1MB, GPU: +0.0MB
2025-07-12 12:53:58,217 - INFO - Performance startup_model_loading: 6.29s, Memory: -210.0MB, GPU: +0.0MB
2025-07-12 12:53:58,217 - INFO - MPS environment configured for compatibility
2025-07-12 12:53:58,217 - INFO - Application started with enhanced MPS support.
2025-07-12 12:53:58,217 - INFO - Starting query evaluation...
2025-07-12 12:53:58,217 - INFO - MPS (Apple Silicon GPU) detected and enabled
2025-07-12 12:53:58,220 - INFO - Performance gpu_profiling: 0.00s, Memory: +0.0MB, GPU: +0.0MB
2025-07-12 12:53:58,220 - INFO - Loading external Vector DB...
2025-07-12 12:53:58,220 - ERROR - Failed to load vector DB: load_vector_db() got an unexpected keyword argument 'logger'
2025-07-12 12:53:58,220 - INFO - Continuing without vector DB...
2025-07-12 12:53:58,220 - INFO - Performance vector_db_loading: 0.00s, Memory: +0.0MB, GPU: +0.0MB
2025-07-12 12:54:01,071 - INFO - Entering interactive query mode...
2025-07-12 12:54:01,071 - INFO - MPS (Apple Silicon GPU) detected and enabled
2025-07-12 12:54:12,701 - INFO - Processing query with SimilarityMethod.COSINE similarity
2025-07-12 12:54:12,701 - INFO - Moving model from mps:0 to mps
2025-07-12 12:54:12,708 - INFO - Performance preparing_query_context: 0.00s, Memory: +0.0MB, GPU: +0.0MB
2025-07-12 12:54:18,760 - INFO - Evaluating answer quality
2025-07-12 12:54:18,761 - INFO - Quality score: 1.0
2025-07-12 12:54:18,761 - INFO - Performance answer_quality_evaluation: 0.00s, Memory: +0.0MB, GPU: +0.0MB
2025-07-12 12:54:18,761 - INFO - Performance answer_processing: 0.00s, Memory: +1.1MB, GPU: +0.0MB
2025-07-12 12:54:18,761 - INFO - Performance single_answer_generating: 6.05s, Memory: +771.9MB, GPU: +0.0MB
2025-07-12 12:54:18,761 - INFO - Query processing completed successfully
2025-07-12 12:54:18,761 - INFO - Performance complete_query_processing: 6.06s, Memory: +772.0MB, GPU: +0.0MB
2025-07-12 12:54:18,762 - INFO - Question: "what is the capital of israel", Answer: The Capital Of Israel Is Jerusalem. It's also called Tel Aviv, Haifa and Acre (the ancient name for it). There are many other cities in this country that have a similar history to these three but they all share one thing - They
2025-07-12 12:54:18,762 - INFO - Performance interactive_query: 6.07s, Memory: +773.5MB, GPU: +0.0MB
2025-07-12 12:55:18,310 - INFO - Performance complete_query_evaluation: 80.09s, Memory: +577.6MB, GPU: +0.0MB
2025-07-12 12:55:18,310 - INFO - Application interrupted by user
2025-07-12 12:55:18,313 - INFO - Performance metrics saved to results/performance_metrics.json
2025-07-12 12:55:18,313 - INFO - Performance metrics saved
2025-07-12 12:55:18,322 - INFO - MPS cache cleared
2025-07-12 12:55:32,136 - WARNING - Failed to create cache directory cache/embeddings: 'str' object has no attribute 'mkdir'
2025-07-12 12:55:32,136 - WARNING - Failed to create cache directory cache/queries: 'str' object has no attribute 'mkdir'
2025-07-12 12:55:32,136 - WARNING - Failed to create cache directory cache: 'str' object has no attribute 'mkdir'
2025-07-12 12:55:32,606 - INFO - Loading Model tiiuae/falcon-rw-1b with MPS compatibility...
2025-07-12 12:55:32,606 - INFO - MPS (Apple Silicon GPU) detected and enabled
2025-07-12 12:55:33,846 - INFO - Added padding token to tokenizer.
2025-07-12 12:55:33,846 - INFO - Tokenizer loaded successfully.
2025-07-12 12:55:33,846 - INFO - Loading model with MPS-specific optimizations...
2025-07-12 12:55:40,222 - INFO - Model successfully loaded and converted for MPS
2025-07-12 12:55:40,222 - INFO - Model loading completed successfully
2025-07-12 12:55:40,223 - INFO - Performance complete_model_loading: 7.62s, Memory: -347.7MB, GPU: +0.0MB
2025-07-12 12:55:40,223 - INFO - Performance startup_model_loading: 7.62s, Memory: -347.4MB, GPU: +0.0MB
2025-07-12 12:55:40,223 - INFO - MPS environment configured for compatibility
2025-07-12 12:55:40,223 - INFO - Application started with enhanced MPS support.
2025-07-12 12:55:40,223 - INFO - Starting query evaluation...
2025-07-12 12:55:40,223 - INFO - MPS (Apple Silicon GPU) detected and enabled
2025-07-12 12:55:40,226 - INFO - Performance gpu_profiling: 0.00s, Memory: +0.0MB, GPU: +0.0MB
2025-07-12 12:55:40,226 - INFO - Loading external Vector DB...
2025-07-12 12:55:40,226 - ERROR - Failed to load vector DB: load_vector_db() got an unexpected keyword argument 'logger'
2025-07-12 12:55:40,226 - INFO - Continuing without vector DB...
2025-07-12 12:55:40,226 - INFO - Performance vector_db_loading: 0.00s, Memory: +0.0MB, GPU: +0.0MB
2025-07-12 13:07:05,656 - INFO - Performance complete_query_evaluation: 685.43s, Memory: -23.9MB, GPU: +0.0MB
2025-07-12 13:07:05,657 - INFO - Application interrupted by user
2025-07-12 13:07:05,659 - INFO - Performance metrics saved to results/performance_metrics.json
2025-07-12 13:07:05,659 - INFO - Performance metrics saved
2025-07-12 13:07:05,660 - INFO - MPS cache cleared
2025-07-12 13:07:15,607 - WARNING - Failed to create cache directory cache/embeddings: 'str' object has no attribute 'mkdir'
2025-07-12 13:07:15,607 - WARNING - Failed to create cache directory cache/queries: 'str' object has no attribute 'mkdir'
2025-07-12 13:07:15,607 - WARNING - Failed to create cache directory cache: 'str' object has no attribute 'mkdir'
2025-07-12 13:09:19,994 - WARNING - Failed to create cache directory cache/embeddings: 'str' object has no attribute 'mkdir'
2025-07-12 13:09:19,994 - WARNING - Failed to create cache directory cache/queries: 'str' object has no attribute 'mkdir'
2025-07-12 13:09:19,994 - WARNING - Failed to create cache directory cache: 'str' object has no attribute 'mkdir'
2025-07-12 13:09:21,092 - INFO - MPS environment configured for compatibility
2025-07-12 13:09:21,093 - INFO - Application started with enhanced MPS support.
2025-07-12 13:09:21,093 - INFO - MPS (Apple Silicon GPU) detected and enabled
2025-07-12 13:09:21,093 - INFO - Loading Model tiiuae/falcon-rw-1b with MPS compatibility...
2025-07-12 13:09:21,093 - INFO - MPS (Apple Silicon GPU) detected and enabled
2025-07-12 13:09:21,805 - INFO - Added padding token to tokenizer.
2025-07-12 13:09:21,805 - INFO - Tokenizer loaded successfully.
2025-07-12 13:09:21,805 - INFO - Loading model with MPS-specific optimizations...
2025-07-12 13:09:28,870 - INFO - Model successfully loaded and converted for MPS
2025-07-12 13:09:28,870 - INFO - Model loading completed successfully
2025-07-12 13:09:28,871 - INFO - Performance complete_model_loading: 7.78s, Memory: -441.1MB, GPU: +0.0MB
2025-07-12 13:09:28,871 - INFO - Performance startup_model_loading: 7.78s, Memory: -440.7MB, GPU: +0.0MB
2025-07-12 13:09:50,329 - INFO - MPS (Apple Silicon GPU) detected and enabled
2025-07-12 13:09:50,330 - INFO - Performance interactive_mode: 0.00s, Memory: +0.1MB, GPU: +0.0MB
2025-07-12 13:09:50,330 - ERROR - Application error: name 'vector_db' is not defined
2025-07-12 13:09:50,334 - INFO - Performance metrics saved to results/performance_metrics.json
2025-07-12 13:09:50,334 - INFO - Performance metrics saved
2025-07-12 13:09:50,334 - INFO - MPS cache cleared
2025-07-12 13:17:31,862 - WARNING - Failed to create cache directory cache/embeddings: 'str' object has no attribute 'mkdir'
2025-07-12 13:17:31,862 - WARNING - Failed to create cache directory cache/queries: 'str' object has no attribute 'mkdir'
2025-07-12 13:17:31,863 - WARNING - Failed to create cache directory cache: 'str' object has no attribute 'mkdir'
2025-07-12 13:17:32,908 - INFO - MPS environment configured for compatibility
2025-07-12 13:17:32,908 - INFO - Application started with enhanced MPS support.
2025-07-12 13:17:32,908 - INFO - MPS (Apple Silicon GPU) detected and enabled
2025-07-12 13:17:32,908 - INFO - Loading Model tiiuae/falcon-rw-1b with MPS compatibility...
2025-07-12 13:17:32,908 - INFO - MPS (Apple Silicon GPU) detected and enabled
2025-07-12 13:17:33,525 - INFO - Added padding token to tokenizer.
2025-07-12 13:17:33,525 - INFO - Tokenizer loaded successfully.
2025-07-12 13:17:33,525 - INFO - Loading model with MPS-specific optimizations...
2025-07-12 13:17:39,395 - INFO - Model successfully loaded and converted for MPS
2025-07-12 13:17:39,396 - INFO - Model loading completed successfully
2025-07-12 13:17:39,396 - INFO - Performance complete_model_loading: 6.49s, Memory: -391.1MB, GPU: +0.0MB
2025-07-12 13:17:39,397 - INFO - Performance startup_model_loading: 6.49s, Memory: -390.8MB, GPU: +0.0MB
2025-07-12 13:17:39,400 - ERROR - Application error: setup_vector_database() takes 0 positional arguments but 2 were given
2025-07-12 13:17:39,401 - INFO - Performance metrics saved to results/performance_metrics.json
2025-07-12 13:17:39,402 - INFO - Performance metrics saved
2025-07-12 13:17:39,524 - INFO - MPS cache cleared
2025-07-12 13:18:31,613 - WARNING - Failed to create cache directory cache/embeddings: 'str' object has no attribute 'mkdir'
2025-07-12 13:18:31,614 - WARNING - Failed to create cache directory cache/queries: 'str' object has no attribute 'mkdir'
2025-07-12 13:18:31,614 - WARNING - Failed to create cache directory cache: 'str' object has no attribute 'mkdir'
2025-07-12 13:18:32,576 - INFO - MPS environment configured for compatibility
2025-07-12 13:18:32,576 - INFO - Application started with enhanced MPS support.
2025-07-12 13:18:32,576 - INFO - MPS (Apple Silicon GPU) detected and enabled
2025-07-12 13:18:32,576 - INFO - Loading Model tiiuae/falcon-rw-1b with MPS compatibility...
2025-07-12 13:18:32,576 - INFO - MPS (Apple Silicon GPU) detected and enabled
2025-07-12 13:18:33,161 - INFO - Added padding token to tokenizer.
2025-07-12 13:18:33,162 - INFO - Tokenizer loaded successfully.
2025-07-12 13:18:33,162 - INFO - Loading model with MPS-specific optimizations...
2025-07-12 13:18:39,398 - INFO - Model successfully loaded and converted for MPS
2025-07-12 13:18:39,400 - INFO - Model loading completed successfully
2025-07-12 13:18:39,401 - INFO - Performance complete_model_loading: 6.82s, Memory: -325.3MB, GPU: +0.0MB
2025-07-12 13:18:39,401 - INFO - Performance startup_model_loading: 6.82s, Memory: -325.0MB, GPU: +0.0MB
2025-07-12 13:18:49,200 - INFO - MPS (Apple Silicon GPU) detected and enabled
2025-07-12 13:18:58,908 - INFO - Processing query with SimilarityMethod.COSINE similarity
2025-07-12 13:18:58,908 - INFO - Performance complete_query_processing: 0.00s, Memory: +0.2MB, GPU: +0.0MB
2025-07-12 13:18:58,908 - ERROR - Unexpected error during query processing: 'NoneType' object has no attribute 'parameters'
2025-07-12 13:18:58,909 - INFO - Performance interactive_query: 0.00s, Memory: +0.6MB, GPU: +0.0MB
2025-07-12 13:20:49,858 - INFO - Performance interactive_mode: 120.66s, Memory: -115.9MB, GPU: +0.0MB
2025-07-12 13:20:49,859 - INFO - Application interrupted by user
2025-07-12 13:20:49,860 - INFO - Performance metrics saved to results/performance_metrics.json
2025-07-12 13:20:49,861 - INFO - Performance metrics saved
2025-07-12 13:20:50,257 - INFO - MPS cache cleared
2025-07-12 13:21:02,630 - WARNING - Failed to create cache directory cache/embeddings: 'str' object has no attribute 'mkdir'
2025-07-12 13:21:02,630 - WARNING - Failed to create cache directory cache/queries: 'str' object has no attribute 'mkdir'
2025-07-12 13:21:02,630 - WARNING - Failed to create cache directory cache: 'str' object has no attribute 'mkdir'
2025-07-12 13:21:03,806 - INFO - MPS environment configured for compatibility
2025-07-12 13:21:03,806 - INFO - Application started with enhanced MPS support.
2025-07-12 13:21:03,806 - INFO - MPS (Apple Silicon GPU) detected and enabled
2025-07-12 13:21:03,806 - INFO - Loading Model tiiuae/falcon-rw-1b with MPS compatibility...
2025-07-12 13:21:03,806 - INFO - MPS (Apple Silicon GPU) detected and enabled
2025-07-12 13:21:04,714 - INFO - Added padding token to tokenizer.
2025-07-12 13:21:04,714 - INFO - Tokenizer loaded successfully.
2025-07-12 13:21:04,714 - INFO - Loading model with MPS-specific optimizations...
2025-07-12 13:21:10,707 - INFO - Model successfully loaded and converted for MPS
2025-07-12 13:21:10,708 - INFO - Model loading completed successfully
2025-07-12 13:21:10,709 - INFO - Performance complete_model_loading: 6.90s, Memory: -432.5MB, GPU: +0.0MB
2025-07-12 13:21:10,709 - INFO - Performance startup_model_loading: 6.90s, Memory: -432.1MB, GPU: +0.0MB
2025-07-12 13:21:16,590 - INFO - MPS (Apple Silicon GPU) detected and enabled
2025-07-12 13:21:27,236 - INFO - Processing query with SimilarityMethod.COSINE similarity
2025-07-12 13:21:27,237 - INFO - Performance complete_query_processing: 0.00s, Memory: +0.2MB, GPU: +0.0MB
2025-07-12 13:21:27,237 - ERROR - Unexpected error during query processing: 'NoneType' object has no attribute 'parameters'
2025-07-12 13:21:27,237 - INFO - Performance interactive_query: 0.00s, Memory: +0.9MB, GPU: +0.0MB
2025-07-12 13:23:50,613 - INFO - Performance interactive_mode: 154.02s, Memory: +1.1MB, GPU: +0.0MB
2025-07-12 13:23:50,613 - INFO - Application interrupted by user
2025-07-12 13:23:50,615 - INFO - Performance metrics saved to results/performance_metrics.json
2025-07-12 13:23:50,615 - INFO - Performance metrics saved
2025-07-12 13:23:50,794 - INFO - MPS cache cleared
2025-07-12 13:26:46,066 - WARNING - Failed to create cache directory cache/embeddings: 'str' object has no attribute 'mkdir'
2025-07-12 13:26:46,067 - WARNING - Failed to create cache directory cache/queries: 'str' object has no attribute 'mkdir'
2025-07-12 13:26:46,067 - WARNING - Failed to create cache directory cache: 'str' object has no attribute 'mkdir'
2025-07-12 13:27:12,286 - WARNING - Failed to create cache directory cache/embeddings: 'str' object has no attribute 'mkdir'
2025-07-12 13:27:12,287 - WARNING - Failed to create cache directory cache/queries: 'str' object has no attribute 'mkdir'
2025-07-12 13:27:12,287 - WARNING - Failed to create cache directory cache: 'str' object has no attribute 'mkdir'
2025-07-12 13:27:13,205 - INFO - MPS environment configured for compatibility
2025-07-12 13:27:13,205 - INFO - Application started with enhanced MPS support.
2025-07-12 13:27:13,206 - INFO - MPS (Apple Silicon GPU) detected and enabled
2025-07-12 13:27:13,206 - INFO - Loading Model tiiuae/falcon-rw-1b with MPS compatibility...
2025-07-12 13:27:13,206 - INFO - MPS (Apple Silicon GPU) detected and enabled
2025-07-12 13:27:13,825 - INFO - Added padding token to tokenizer.
2025-07-12 13:27:13,825 - INFO - Tokenizer loaded successfully.
2025-07-12 13:27:13,826 - INFO - Loading model with MPS-specific optimizations...
2025-07-12 13:27:21,375 - INFO - Model successfully loaded and converted for MPS
2025-07-12 13:27:21,377 - INFO - Model loading completed successfully
2025-07-12 13:27:21,377 - INFO - Performance complete_model_loading: 8.17s, Memory: -261.0MB, GPU: +0.0MB
2025-07-12 13:27:35,168 - INFO - Performance startup_model_loading: 21.96s, Memory: -232.9MB, GPU: +0.0MB
2025-07-12 13:27:42,026 - INFO - MPS (Apple Silicon GPU) detected and enabled
2025-07-12 13:27:50,301 - INFO - Processing query with SimilarityMethod.COSINE similarity
2025-07-12 13:27:50,302 - INFO - Performance complete_query_processing: 0.00s, Memory: +0.1MB, GPU: +0.0MB
2025-07-12 13:27:50,302 - ERROR - Unexpected error during query processing: 'NoneType' object has no attribute 'parameters'
2025-07-12 13:27:50,302 - INFO - Performance interactive_query: 0.00s, Memory: +0.5MB, GPU: +0.0MB
2025-07-12 13:30:44,504 - INFO - Performance interactive_mode: 182.48s, Memory: -215.9MB, GPU: +0.0MB
2025-07-12 13:30:44,506 - INFO - Application interrupted by user
2025-07-12 13:30:44,508 - INFO - Performance metrics saved to results/performance_metrics.json
2025-07-12 13:30:44,509 - INFO - Performance metrics saved
2025-07-12 13:30:44,509 - INFO - MPS cache cleared
